<?xml version="1.0" encoding="UTF-8"?>
<!-- Generated by org.testng.reporters.JUnitXMLReporter -->
<testsuite hostname="DESKTOP-SGGAN31" ignored="2" name="yearDeatils" tests="10" failures="0" timestamp="17 Feb 2022 14:28:19 GMT" time="0.066" errors="0">
  <testcase name="date" time="0.018" classname="com.multipleclassgrouping.getdetails"/>
  <testcase name="date2" time="0.002" classname="com.multipleclassgrouping.getdetails"/>
  <testcase name="date3" time="0.001" classname="com.multipleclassgrouping.getdetails"/>
  <testcase name="day" time="0.001" classname="com.multipleclassgrouping.getDay"/>
  <testcase name="day2" time="0.001" classname="com.multipleclassgrouping.getDay"/>
  <testcase name="months2" time="0.001" classname="com.multipleclassgrouping.getMonths"/>
  <testcase name="months3" time="0.001" classname="com.multipleclassgrouping.getMonths"/>
  <testcase name="time" time="0.003" classname="com.multipleclassgrouping.getTime"/>
  <testcase name="time2" time="0.001" classname="com.multipleclassgrouping.getTime"/>
  <testcase name="time3" time="0.001" classname="com.multipleclassgrouping.getTime"/>
  <testcase name="day3" time="0.0" classname="com.multipleclassgrouping.getDay">
    <ignored/>
  </testcase> <!-- day3 -->
  <testcase name="months" time="0.0" classname="com.multipleclassgrouping.getMonths">
    <ignored/>
  </testcase> <!-- months -->
</testsuite> <!-- yearDeatils -->
