<?xml version="1.0" encoding="UTF-8"?>
<!-- Generated by org.testng.reporters.JUnitXMLReporter -->
<testsuite hostname="DESKTOP-SGGAN31" ignored="2" name="Exclude" tests="2" failures="0" timestamp="17 Feb 2022 13:48:43 GMT" time="0.027" errors="0">
  <testcase name="a" time="0.006" classname="com.grouping.ExcludeGrouping"/>
  <testcase name="b" time="0.001" classname="com.grouping.ExcludeGrouping"/>
  <testcase name="d" time="0.0" classname="com.grouping.ExcludeGrouping">
    <ignored/>
  </testcase> <!-- d -->
  <testcase name="c" time="0.0" classname="com.grouping.ExcludeGrouping">
    <ignored/>
  </testcase> <!-- c -->
</testsuite> <!-- Exclude -->
