<?xml version="1.0" encoding="UTF-8"?>
<!-- Generated by org.testng.reporters.JUnitXMLReporter -->
<testsuite hostname="DESKTOP-SGGAN31" ignored="0" name="Test" tests="11" failures="2" timestamp="24 Feb 2022 14:50:42 GMT" time="0.048" errors="0">
  <testcase name="tc1" time="0.006" classname="com.rerun.ReRunMain"/>
  <testcase name="tc2" time="0.001" classname="com.rerun.ReRunMain"/>
  <testcase name="tc3" time="0.003" classname="com.rerun.ReRunMain">
    <skipped/>
  </testcase> <!-- tc3 -->
  <testcase name="tc3" time="0.0" classname="com.rerun.ReRunMain">
    <skipped/>
  </testcase> <!-- tc3 -->
  <testcase name="tc3" time="0.0" classname="com.rerun.ReRunMain">
    <skipped/>
  </testcase> <!-- tc3 -->
  <testcase name="tc3" time="0.0" classname="com.rerun.ReRunMain">
    <failure type="java.lang.AssertionError" message="expected [true] but found [false]">
      <![CDATA[java.lang.AssertionError: expected [true] but found [false]
at com.rerun.ReRunMain.tc3(ReRunMain.java:22)
... Removed 29 stack frames]]>
    </failure>
  </testcase> <!-- tc3 -->
  <testcase name="tc4" time="0.0" classname="com.rerun.ReRunMain"/>
  <testcase name="tc5" time="0.001" classname="com.rerun.ReRunMain">
    <skipped/>
  </testcase> <!-- tc5 -->
  <testcase name="tc5" time="0.0" classname="com.rerun.ReRunMain">
    <skipped/>
  </testcase> <!-- tc5 -->
  <testcase name="tc5" time="0.001" classname="com.rerun.ReRunMain">
    <skipped/>
  </testcase> <!-- tc5 -->
  <testcase name="tc5" time="0.0" classname="com.rerun.ReRunMain">
    <failure type="java.lang.AssertionError" message="expected [true] but found [false]">
      <![CDATA[java.lang.AssertionError: expected [true] but found [false]
at com.rerun.ReRunMain.tc5(ReRunMain.java:35)
... Removed 29 stack frames]]>
    </failure>
  </testcase> <!-- tc5 -->
</testsuite> <!-- Test -->
