<?xml version="1.0" encoding="UTF-8"?>
<!-- Generated by org.testng.reporters.JUnitXMLReporter -->
<testsuite hostname="DESKTOP-SGGAN31" ignored="2" name="testing" tests="2" failures="0" timestamp="17 Feb 2022 13:40:19 GMT" time="0.027" errors="0">
  <testcase name="test1" time="0.007" classname="com.grouping.IncludeGrouping"/>
  <testcase name="test3" time="0.001" classname="com.grouping.IncludeGrouping"/>
  <testcase name="test4" time="0.0" classname="com.grouping.IncludeGrouping">
    <ignored/>
  </testcase> <!-- test4 -->
  <testcase name="test2" time="0.0" classname="com.grouping.IncludeGrouping">
    <ignored/>
  </testcase> <!-- test2 -->
</testsuite> <!-- testing -->
